Arguments: 
  C:\Program Files\nodejs\node.exe C:\Program Files (x86)\Yarn\bin\yarn.js add parcel

PATH: 
  C:\Program Files\Git\mingw64\bin;C:\Program Files\Git\usr\bin;C:\Users\b6tud\bin;C:\ProgramData\DockerDesktop\version-bin;C:\Program Files\Docker\Docker\Resources\bin;C:\Program Files (x86)\Common Files\Oracle\Java\javapath;C:\Python27;C:\Python27\Scripts;C:\Program Files (x86)\Intel\Intel(R) Management Engine Components\iCLS;C:\Program Files\Intel\Intel(R) Management Engine Components\iCLS;C:\Windows\system32;C:\Windows;C:\Windows\System32\Wbem;C:\Windows\System32\WindowsPowerShell\v1.0;C:\Program Files (x86)\Intel\Intel(R) Management Engine Components\DAL;C:\Program Files\Intel\Intel(R) Management Engine Components\DAL;C:\Program Files\nodejs;C:\Program Files (x86)\NVIDIA Corporation\PhysX\Common;C:\Program Files\Git\cmd;C:\ProgramData\chocolatey\bin;C:\Program Files (x86)\Yarn\bin;C:\WINDOWS\system32;C:\WINDOWS;C:\WINDOWS\System32\Wbem;C:\WINDOWS\System32\WindowsPowerShell\v1.0;C:\WINDOWS\System32\OpenSSH;C:\Users\b6tud\AppData\Local\Microsoft\WindowsApps;C:\Users\b6tud\AppData\Roaming\npm;C:\Users\b6tud\AppData\Local\Programs\Microsoft VS Code\bin;C:\Program Files\MongoDB\Server\4.0\bin;C:\Users\b6tud\AppData\Local\Yarn\bin

Yarn version: 
  1.12.3

Node version: 
  11.6.0

Platform: 
  win32 x64

Trace: 
  Error: EPERM: operation not permitted, unlink 'C:\Users\b6tud\Documents\Programming\GnarGuides\node_modules\fsevents\src'

npm manifest: 
  {
    "name": "gnarguides",
    "version": "1.0.0",
    "description": "Adventure Guides",
    "main": "index.js",
    "scripts": {
      "watch:sass": "node-sass \"style/main.scss\"  \"css/main.css\" -w",
      "devserver": "live-server",
      "start": "npm-run-all --parallel devserver watch:sass",
  
  
      "compile:sass": "node-sass style/main.scss css/main.css",
      "compress:css": "node-sass css/main.css css/style.css",
      "build:css": "npm-run-all compile:sass compress:css"
    },
    "author": "",
    "license": "ISC",
    "dependencies": {
      "node-sass": "^4.11.0",
      "npm-run-all": "^4.1.5"
    }
  }

yarn manifest: 
  No manifest

Lockfile: 
  No lockfile
